CNC_Set_Multiplayer_Data: scenario=0 num_players=2
  slot[0] Name='76561198002612215' House=1 Color=0 Team=0 StartLoc=127 IsAI=0 GlyphxID=76561198002612215 AllyFlags=00000000
  slot[0] NameHex=37363536313139383030323631323231350000000000000000000000000000000000000000000000000000000000000000000000000000000000000000000000
  slot[1] Name='AIPLAYER1' House=2 Color=1 Team=1 StartLoc=127 IsAI=1 GlyphxID=1055504538 AllyFlags=00000000
  slot[1] NameHex=4149504c415945523100323631323231350000000000000000000000000000000000000000000000000000000000000000000000000000000000000000000000
=== TF_AI_DIAG v3 (build-choice pool) ===
  LOBBYREC k=0 n=1 team=1 diff=3 color=1 house=4 expect_color=1 expect_house=2 -> accept
  LOBBYREC k=0 n=1 team=1 diff=3 color=1 house=4 expect_color=1 expect_house=2 -> accept
  LOBBYREC k=0 n=1 team=1 diff=3 color=1 house=4 expect_color=1 expect_house=2 -> accept
  LOBBYSCAN site=1 frame=0 procs=1/1 sighits=3 best_count=1 ambiguous=0 roster=00000002
  LOBBYCAND site=1 count=3 disagree=0 roster=00000002 frame=0
  CAND a=0 addr=20839658 region=1eed6000/38000K prot=4 diff=3 refs=-1
    PRE 0000000020636f6d000000000000000000000000000000000000000000000065
    REC0 4149504c4159455231007f0070f399024cbe950010a05a110000000010164211020000001040e9282c988320f99783206cf39902dcf399027091ad01ffffffffb40d0a492068617600000000000000000100000004000000000000010100000000646f770300000001000000000000007f000000e01dc8420000000000000000ff3f00000653616a00000000696c6573000000000000000000000000000000000000000000000000
    REC1 6098832000000000efbead0e5001000000000000000000000000000000000000000000000000000000000000000000000000000000000000000000000000000000000000000000000000000000000000006f207365637572f72786020100100100000000030000000000000000000000006c64730000000000000000000000007f000000602d432f0000000000000000ff3f00000653616a00000000672074680000000000000000
  CAND a=1 addr=20839a78 region=1eed6000/38000K prot=4 diff=3 refs=-1
    PRE 0000000075722076000000000000000000000000000000000000000000000065
    REC0 4149504c4159455231007f0070f399024cbe950010a05a110000000010164211020000001040e9282c988320f99783206cf39902dcf399027091ad01ffffffffb4687420636f726e000000000000000001000000040000000000000101000000007665200300000001000000000000007f000000a01c2a310000000000000000ff3f00000653616a000000006f722074000000000000000000000000000000000000000000000000
    REC1 8091832000000000efbead1e5001000000154211102051130d277f0070f399024cbe950010a05a110000000010164211020000001040e9282c988320f99783206cf39902dcf399027091ad01ffffffffb40000000f000000f72786020100100100000000030000000000000100000000011d57310000000000000000000000007f000000102457310000000000000000ff3f00000653616a000000000f0000000000000000000000
  CAND a=2 addr=20839bd8 region=1eed6000/38000K prot=4 diff=3 refs=-1
    PRE 000000000f000000000000000000000000000000000000000000000000000000
    REC0 4149504c4159455231007f0070f399024cbe950010a05a110000000010164211020000001040e9282c988320f99783206cf39902dcf399027091ad01ffffffffb40000000f0000009ab8e93e0000000001000000040000000000000101000000005e57310300000001000000000000007f000000500857310000000000000000ff3f00000653616a000000000f000000000000000000000000000000000000000000000000000000
    REC1 e09d832000000000efbead1e50010000342d3620706c61796572206d61702e20596f757220616c6c20626f78656420696e2c20796f7520676f74207265736f757263657320616c6c2061726f756e642c2077616c6c7320666f722070726f74656374696f6e2c20616e6420706c656e7479206f662074696d6520746f2065737461626c6973682061206772616e642061726d792e2054616b6520796f75722074696d652c20626520
  TEAMS slot=0 house=H12 team=0 allyslots=01
  TEAMS slot=1 house=H13 team=1 allyslots=02
  LOBBYREC k=0 n=1 team=1 diff=3 color=1 house=4 expect_color=1 expect_house=2 -> accept
  LOBBYREC k=0 n=1 team=1 diff=3 color=1 house=4 expect_color=1 expect_house=2 -> accept
  LOBBYREC k=0 n=1 team=1 diff=3 color=1 house=4 expect_color=1 expect_house=2 -> accept
  LOBBYSCAN site=0 frame=0 procs=1/1 sighits=3 best_count=1 ambiguous=0 roster=00000002
  LOBBYCAND site=0 count=3 disagree=0 roster=00000002 frame=0
  CAND a=0 addr=20839658 region=1eed6000/38000K prot=4 diff=3 refs=-1
    PRE 0000000020636f6d000000000000000000000000000000000000000000000065
    REC0 4149504c4159455231007f0070f399024cbe950010a05a110000000010164211020000001040e9282c988320f99783206cf39902dcf399027091ad01ffffffffb40d0a492068617600000000000000000100000004000000000000010100000000646f770300000001000000000000007f000000e01dc8420000000000000000ff3f00000653616a00000000696c6573000000000000000000000000000000000000000000000000
    REC1 6098832000000000efbead0e5001000000000000000000000000000000000000000000000000000000000000000000000000000000000000000000000000000000000000000000000000000000000000006f207365637572f72786020100100100000000030000000000000000000000006c64730000000000000000000000007f000000602d432f0000000000000000ff3f00000653616a00000000672074680000000000000000
  CAND a=1 addr=20839a78 region=1eed6000/38000K prot=4 diff=3 refs=-1
    PRE 0000000075722076000000000000000000000000000000000000000000000065
    REC0 4149504c4159455231007f0070f399024cbe950010a05a110000000010164211020000001040e9282c988320f99783206cf39902dcf399027091ad01ffffffffb4687420636f726e000000000000000001000000040000000000000101000000007665200300000001000000000000007f000000a01c2a310000000000000000ff3f00000653616a000000006f722074000000000000000000000000000000000000000000000000
    REC1 8091832000000000efbead1e5001000000154211102051130d277f0070f399024cbe950010a05a110000000010164211020000001040e9282c988320f99783206cf39902dcf399027091ad01ffffffffb40000000f000000f72786020100100100000000030000000000000100000000011d57310000000000000000000000007f000000102457310000000000000000ff3f00000653616a000000000f0000000000000000000000
  CAND a=2 addr=20839bd8 region=1eed6000/38000K prot=4 diff=3 refs=-1
    PRE 000000000f000000000000000000000000000000000000000000000000000000
    REC0 4149504c4159455231007f0070f399024cbe950010a05a110000000010164211020000001040e9282c988320f99783206cf39902dcf399027091ad01ffffffffb40000000f0000009ab8e93e0000000001000000040000000000000101000000005e57310300000001000000000000007f000000500857310000000000000000ff3f00000653616a000000000f000000000000000000000000000000000000000000000000000000
    REC1 e09d832000000000efbead1e50010000342d3620706c61796572206d61702e20596f757220616c6c20626f78656420696e2c20796f7520676f74207265736f757263657320616c6c2061726f756e642c2077616c6c7320666f722070726f74656374696f6e2c20616e6420706c656e7479206f662074696d6520746f2065737461626c6973682061206772616e642061726d792e2054616b6520796f75722074696d652c20626520
HELLO IM H13 (ActLike=2) IN HARD MODE (IQ=5) [slot 1] rec_house=4 rec_color=1 ours_color=1
CNC_Set_Difficulty(1) -> CDifficulty=2 IQ=5 humans=1 source=default-hard (client value ignored) ram_slots=1 s1=3 (AI houses retro-applied)
F66 H13 AL2 POOL(1): POWR(u1) -> WIN POWR(u1 ties=1)
F98 H13 AL2 PROD start POWR (cat=6) at factory SFACT#0
F98 H13 AL2 POOL(1): POWR(u1) -> WIN POWR(u1 ties=1)
F315 H13 AL2 PROD start POWR (cat=6) at factory SFACT#0
F315 H13 AL2 POOL(2): PROC(u3) BARR(u2) -> WIN PROC(u3 ties=1)
F532 H13 AL2 PROD start PROC (cat=6) at factory SFACT#0
F532 H13 AL2 POOL(1): BARR(u2) -> WIN BARR(u2 ties=1)
CNC_Set_Multiplayer_Data: scenario=0 num_players=2
  slot[0] Name='76561198002612215' House=1 Color=0 Team=0 StartLoc=127 IsAI=0 GlyphxID=76561198002612215 AllyFlags=00000000
  slot[0] NameHex=37363536313139383030323631323231350000000000000000000000000000000000000000000000000000000000000000000000000000000000000000000000
  slot[1] Name='AIPLAYER1' House=2 Color=1 Team=1 StartLoc=127 IsAI=1 GlyphxID=1055504538 AllyFlags=00000000
  slot[1] NameHex=4149504c415945523100323631323231350000000000000000000000000000000000000000000000000000000000000000000000000000000000000000000000
=== TF_AI_DIAG v3 (build-choice pool) ===
  LOBBYREC k=0 n=1 team=1 diff=1 color=1 house=4 expect_color=1 expect_house=2 -> accept
  LOBBYREC k=0 n=1 team=1 diff=1 color=1 house=4 expect_color=1 expect_house=2 -> accept
  LOBBYREC k=0 n=1 team=1 diff=1 color=1 house=4 expect_color=1 expect_house=2 -> accept
  LOBBYREC k=0 n=1 team=-2063662336 diff=-2113929217 color=-2126577536 house=2130987005 expect_color=1 expect_house=2 -> REJECT range
  LOBBYSCAN site=1 frame=0 procs=1/1 sighits=4 best_count=1 ambiguous=0 roster=00000002
  LOBBYCAND site=1 count=3 disagree=0 roster=00000002 frame=0
  CAND a=0 addr=20839658 region=1e036000/52976K prot=4 diff=1 refs=-1
    PRE 0000000020636f6d000000000000000000000000000000000000000000000065
    REC0 4149504c4159455231007f006cf39902eb09950010a05a110000000010084211000000001040e92810074211102051136a48c978ccca392be037432f2c9883202c0d0a492068617600000000000000000100000004000000000000010100000000646f770100000001000000000000007f000000f0f7ce420000000000000000ff3f00003953616a00000000696c6573000000000000000000000000000000000000000000000000
    REC1 6098832000000000efbead0e5001000000000000000000000000000000000000000000000000000000000000000000000000000000000000000000000000000000000000000000000000000000000000006f207365637572f72786020100100100000000030000000000000000000000006c64730000000000000000000000007f000000602d432f0000000000000000ff3f00003953616a00000000672074680000000000000000
  CAND a=1 addr=2b39c638 region=2b39c000/16K prot=4 diff=1 refs=-1
    PRE 0000000020006900000000000000000000000000000000000000000000000000
    REC0 4149504c4159455231007f006cf39902eb09950010a05a110000000010084211000000001040e92810074211102051136a48c978ccca392be037432f2c9883202c002e0020000000000000000000000001000000040000000000000101000000006f74650100000001000000000000007f000000b0e3c2420000000000000000ff3f00003953616a000000006520616e000000000000000000000000000000000000000000000000
    REC1 00c0392b00000000efbead1e5001000000074211102051130d277f006cf39902eb09950010a05a110000000010084211000000001040e92810074211102051136a48c978ccca392be037432f2c9883202c0000000f000000f72786020100100100000000030000000000000100000000013db3420000000000000000000000007f00000070ead0420000000000000000ff3f00003953616a000000000f0000000000000000000000
  CAND a=2 addr=2b39c798 region=2b39c000/16K prot=4 diff=1 refs=-1
    PRE 000000000f000000000000000000000000000000000000000000000000000000
    REC0 4149504c4159455231007f006cf39902eb09950010a05a110000000010084211000000001040e92810074211102051136a48c978ccca392be037432f2c9883202c0000000f0000009ab8e93e00000000010000000400000000000001010000000081a7420100000001000000000000007f00000030055e4a0000000000000000ff3f00003953616a000000000f000000000000000000000000000000000000000000000000000000
    REC1 0000000000000000efbead1e500100004c696768742054616e6b20727573686573206172652065787472656d656c7920636f6d6d6f6e20696e20517569636b204d6174636865732e204d616e792052656420416c65727420706c617965727320646f206e6f74206b6e6f7720686f7720746f20646566656e6420616761696e7374207468657365207275736865732e2054686973206d61702069732064657369676e656420666f72
  TEAMS slot=0 house=H12 team=0 allyslots=01
  TEAMS slot=1 house=H13 team=1 allyslots=02
  LOBBYREC k=0 n=1 team=1 diff=1 color=1 house=4 expect_color=1 expect_house=2 -> accept
  LOBBYREC k=0 n=1 team=1 diff=1 color=1 house=4 expect_color=1 expect_house=2 -> accept
  LOBBYREC k=0 n=1 team=1 diff=1 color=1 house=4 expect_color=1 expect_house=2 -> accept
  LOBBYREC k=0 n=1 team=-2063662336 diff=-2113929217 color=-2126577536 house=2130987005 expect_color=1 expect_house=2 -> REJECT range
  LOBBYSCAN site=0 frame=0 procs=1/1 sighits=4 best_count=1 ambiguous=0 roster=00000002
  LOBBYCAND site=0 count=3 disagree=0 roster=00000002 frame=0
  CAND a=0 addr=20839658 region=1e036000/52976K prot=4 diff=1 refs=-1
    PRE 0000000020636f6d000000000000000000000000000000000000000000000065
    REC0 4149504c4159455231007f006cf39902eb09950010a05a110000000010084211000000001040e92810074211102051136a48c978ccca392be037432f2c9883202c0d0a492068617600000000000000000100000004000000000000010100000000646f770100000001000000000000007f000000f0f7ce420000000000000000ff3f00003953616a00000000696c6573000000000000000000000000000000000000000000000000
    REC1 6098832000000000efbead0e5001000000000000000000000000000000000000000000000000000000000000000000000000000000000000000000000000000000000000000000000000000000000000006f207365637572f72786020100100100000000030000000000000000000000006c64730000000000000000000000007f000000602d432f0000000000000000ff3f00003953616a00000000672074680000000000000000
  CAND a=1 addr=2b39c638 region=2b39c000/16K prot=4 diff=1 refs=-1
    PRE 0000000020006900000000000000000000000000000000000000000000000000
    REC0 4149504c4159455231007f006cf39902eb09950010a05a110000000010084211000000001040e92810074211102051136a48c978ccca392be037432f2c9883202c002e0020000000000000000000000001000000040000000000000101000000006f74650100000001000000000000007f000000b0e3c2420000000000000000ff3f00003953616a000000006520616e000000000000000000000000000000000000000000000000
    REC1 00c0392b00000000efbead1e5001000000074211102051130d277f006cf39902eb09950010a05a110000000010084211000000001040e92810074211102051136a48c978ccca392be037432f2c9883202c0000000f000000f72786020100100100000000030000000000000100000000013db3420000000000000000000000007f00000070ead0420000000000000000ff3f00003953616a000000000f0000000000000000000000
  CAND a=2 addr=2b39c798 region=2b39c000/16K prot=4 diff=1 refs=-1
    PRE 000000000f000000000000000000000000000000000000000000000000000000
    REC0 4149504c4159455231007f006cf39902eb09950010a05a110000000010084211000000001040e92810074211102051136a48c978ccca392be037432f2c9883202c0000000f0000009ab8e93e00000000010000000400000000000001010000000081a7420100000001000000000000007f00000030055e4a0000000000000000ff3f00003953616a000000000f000000000000000000000000000000000000000000000000000000
    REC1 0000000000000000efbead1e500100004c696768742054616e6b20727573686573206172652065787472656d656c7920636f6d6d6f6e20696e20517569636b204d6174636865732e204d616e792052656420416c65727420706c617965727320646f206e6f74206b6e6f7720686f7720746f20646566656e6420616761696e7374207468657365207275736865732e2054686973206d61702069732064657369676e656420666f72
HELLO IM H13 (ActLike=2) IN EASY MODE (IQ=3) [slot 1] rec_house=4 rec_color=1 ours_color=1
CNC_Set_Difficulty(1) -> CDifficulty=2 IQ=5 humans=1 source=default-hard (client value ignored) ram_slots=1 s1=1 (AI houses retro-applied)
F66 H13 AL2 POOL(1): POWR(u1) -> WIN POWR(u1 ties=1)
F98 H13 AL2 PROD start POWR (cat=6) at factory SFACT#0
F98 H13 AL2 POOL(1): POWR(u1) -> WIN POWR(u1 ties=1)
F369 H13 AL2 PROD start POWR (cat=6) at factory SFACT#0
F369 H13 AL2 POOL(2): PROC(u3) BARR(u2) -> WIN PROC(u3 ties=1)
F640 H13 AL2 PROD start PROC (cat=6) at factory SFACT#0
F640 H13 AL2 POOL(1): BARR(u2) -> WIN BARR(u2 ties=1)
CNC_Set_Multiplayer_Data: scenario=0 num_players=3
  slot[0] Name='76561198002612215' House=1 Color=0 Team=0 StartLoc=127 IsAI=0 GlyphxID=76561198002612215 AllyFlags=00000000
  slot[0] NameHex=37363536313139383030323631323231350000000000000000000000000000000000000000000000000000000000000000000000000000000000000000000000
  slot[1] Name='AIPLAYER1' House=2 Color=1 Team=1 StartLoc=127 IsAI=1 GlyphxID=1055504538 AllyFlags=00000000
  slot[1] NameHex=4149504c415945523100323631323231350000000000000000000000000000000000000000000000000000000000000000000000000000000000000000000000
  slot[2] Name='AIPLAYER2' House=2 Color=2 Team=2 StartLoc=127 IsAI=1 GlyphxID=2816534816 AllyFlags=00000000
  slot[2] NameHex=4149504c415945523200323631323231350000000000000000000000000000000000000000000000000000000000000000000000000000000000000000000000
=== TF_AI_DIAG v3 (build-choice pool) ===
  LOBBYREC k=0 n=1 team=1 diff=3 color=1 house=4 expect_color=1 expect_house=2 -> accept
  LOBBYREC k=1 n=2 team=2 diff=3 color=2 house=4 expect_color=2 expect_house=2 -> accept
  LOBBYREC k=0 n=1 team=1 diff=3 color=1 house=4 expect_color=1 expect_house=2 -> accept
  LOBBYREC k=1 n=2 team=2 diff=3 color=2 house=4 expect_color=2 expect_house=2 -> accept
  LOBBYREC k=0 n=1 team=1 diff=3 color=1 house=4 expect_color=1 expect_house=2 -> accept
  LOBBYREC k=1 n=2 team=2 diff=3 color=2 house=4 expect_color=2 expect_house=2 -> accept
  LOBBYSCAN site=1 frame=0 procs=1/1 sighits=3 best_count=2 ambiguous=0 roster=00000006
  LOBBYCAND site=1 count=3 disagree=0 roster=00000006 frame=0
  CAND a=0 addr=2f17c6f8 region=2f0b2000/1056K prot=4 diff=33 refs=-1
    PRE 000000009006432e00000000000000000000000000000000000000000000002f
    REC0 4149504c4159455231007f0070f399024cbe950010a05a110000000010084211000000001040e928d4c5172fa1c5172f6cf39902dcf399027091ad01ffffffffb4767d2f90767d2f00000000000000000100000004000000000000010100000000767d2f0300000001000000000000007f00000070dfee110000000000000000ff3f0000cc53616a0000000090767d2f00000000000000000000000000000000000000000000002f
    REC1 4149504c4159455232007f0070f399024cbe950010a05a110000000010084211000000001040e928d4c5172fa1c5172f6cf39902dcf399027091ad01ffffffffb4767d2f90767d2f00000000000000000200000004000000000000010100000000767d2f0300000002000000000000007f000000508eb6420000000000000000ff3f0000cc53616a0000000090767d2f000000000000000000000000000000000000000000000042
  CAND a=1 addr=2f1b2778 region=2f0b2000/1056K prot=4 diff=33 refs=-1
    PRE 0000000010410731000000000000000000000000000000000000000000000042
    REC0 4149504c4159455231007f0070f399024cbe950010a05a110000000010084211000000001040e928d4c5172fa1c5172f6cf39902dcf399027091ad01ffffffffb4d1a23390d1a2339ab8e93e000000000100000004000000000000010100000000d1a2330300000001000000000000007f000000b089392e0000000000000000ff3f0000cc53616a0000000090d1a233000000000000000000000000000000000000000000000042
    REC1 4149504c4159455232007f0070f399024cbe950010a05a110000000010084211000000001040e928d4c5172fa1c5172f6cf39902dcf399027091ad01ffffffffb4d1a23390d1a23320e9e0a7000000000200000004000000000000010100000000d1a2330300000002000000000000007f0000008092152e0000000000000000ff3f0000cc53616a0000000090d1a23300000000000000000000000000000000000000000000002d
  CAND a=2 addr=2f1b3978 region=2f0b2000/1056K prot=4 diff=33 refs=-1
    PRE 00000000d049e02d00000000000000000000000000000000000000000000002d
    REC0 4149504c4159455231007f0070f399024cbe950010a05a110000000010084211000000001040e928d4c5172fa1c5172f6cf39902dcf399027091ad01ffffffffb437a4421037a4420000000000000000010000000400000000000001010000000037a4420300000001000000000000007f000000c0ce6e2f0000000000000000ff3f0000cc53616a000000001037a442000000000000000000000000000000000000000000000042
    REC1 4149504c4159455232007f0070f399024cbe950010a05a110000000010084211000000001040e928d4c5172fa1c5172f6cf39902dcf399027091ad01ffffffffb437a4421037a4420000000000000000020000000400000000000001010000000037a4420300000002000000000000007f000000409c2a300000000000000000ff3f0000cc53616a000000001037a44200000000000000000000000000000000000000000000002e
  TEAMS slot=0 house=H12 team=0 allyslots=01
  TEAMS slot=1 house=H13 team=1 allyslots=02
  TEAMS slot=2 house=H14 team=2 allyslots=04
  LOBBYREC k=0 n=1 team=1 diff=3 color=1 house=4 expect_color=1 expect_house=2 -> accept
  LOBBYREC k=1 n=2 team=2 diff=3 color=2 house=4 expect_color=2 expect_house=2 -> accept
  LOBBYREC k=0 n=1 team=1 diff=3 color=1 house=4 expect_color=1 expect_house=2 -> accept
  LOBBYREC k=1 n=2 team=2 diff=3 color=2 house=4 expect_color=2 expect_house=2 -> accept
  LOBBYREC k=0 n=1 team=1 diff=3 color=1 house=4 expect_color=1 expect_house=2 -> accept
  LOBBYREC k=1 n=2 team=2 diff=3 color=2 house=4 expect_color=2 expect_house=2 -> accept
  LOBBYSCAN site=0 frame=0 procs=1/1 sighits=3 best_count=2 ambiguous=0 roster=00000006
  LOBBYCAND site=0 count=3 disagree=0 roster=00000006 frame=0
  CAND a=0 addr=2f17c6f8 region=2f0b2000/1056K prot=4 diff=33 refs=-1
    PRE 000000009006432e00000000000000000000000000000000000000000000002f
    REC0 4149504c4159455231007f0070f399024cbe950010a05a110000000010084211000000001040e928d4c5172fa1c5172f6cf39902dcf399027091ad01ffffffffb4767d2f90767d2f00000000000000000100000004000000000000010100000000767d2f0300000001000000000000007f00000070dfee110000000000000000ff3f0000cc53616a0000000090767d2f00000000000000000000000000000000000000000000002f
    REC1 4149504c4159455232007f0070f399024cbe950010a05a110000000010084211000000001040e928d4c5172fa1c5172f6cf39902dcf399027091ad01ffffffffb4767d2f90767d2f00000000000000000200000004000000000000010100000000767d2f0300000002000000000000007f000000508eb6420000000000000000ff3f0000cc53616a0000000090767d2f000000000000000000000000000000000000000000000042
  CAND a=1 addr=2f1b2778 region=2f0b2000/1056K prot=4 diff=33 refs=-1
    PRE 0000000010410731000000000000000000000000000000000000000000000042
    REC0 4149504c4159455231007f0070f399024cbe950010a05a110000000010084211000000001040e928d4c5172fa1c5172f6cf39902dcf399027091ad01ffffffffb4d1a23390d1a2339ab8e93e000000000100000004000000000000010100000000d1a2330300000001000000000000007f000000b089392e0000000000000000ff3f0000cc53616a0000000090d1a233000000000000000000000000000000000000000000000042
    REC1 4149504c4159455232007f0070f399024cbe950010a05a110000000010084211000000001040e928d4c5172fa1c5172f6cf39902dcf399027091ad01ffffffffb4d1a23390d1a23320e9e0a7000000000200000004000000000000010100000000d1a2330300000002000000000000007f0000008092152e0000000000000000ff3f0000cc53616a0000000090d1a23300000000000000000000000000000000000000000000002d
  CAND a=2 addr=2f1b3978 region=2f0b2000/1056K prot=4 diff=33 refs=-1
    PRE 00000000d049e02d00000000000000000000000000000000000000000000002d
    REC0 4149504c4159455231007f0070f399024cbe950010a05a110000000010084211000000001040e928d4c5172fa1c5172f6cf39902dcf399027091ad01ffffffffb437a4421037a4420000000000000000010000000400000000000001010000000037a4420300000001000000000000007f000000c0ce6e2f0000000000000000ff3f0000cc53616a000000001037a442000000000000000000000000000000000000000000000042
    REC1 4149504c4159455232007f0070f399024cbe950010a05a110000000010084211000000001040e928d4c5172fa1c5172f6cf39902dcf399027091ad01ffffffffb437a4421037a4420000000000000000020000000400000000000001010000000037a4420300000002000000000000007f000000409c2a300000000000000000ff3f0000cc53616a000000001037a44200000000000000000000000000000000000000000000002e
HELLO IM H13 (ActLike=2) IN HARD MODE (IQ=5) [slot 1] rec_house=4 rec_color=1 ours_color=1
HELLO IM H14 (ActLike=2) IN HARD MODE (IQ=5) [slot 2] rec_house=4 rec_color=2 ours_color=2
CNC_Set_Difficulty(1) -> CDifficulty=2 IQ=5 humans=1 source=default-hard (client value ignored) ram_slots=2 s1=3 s2=3 (AI houses retro-applied)
F68 H13 AL2 POOL(1): POWR(u1) -> WIN POWR(u1 ties=1)
F69 H14 AL2 POOL(1): POWR(u1) -> WIN POWR(u1 ties=1)
F100 H13 AL2 PROD start POWR (cat=6) at factory SFACT#0
F100 H14 AL2 PROD start POWR (cat=6) at factory SFACT#1
F100 H13 AL2 POOL(1): POWR(u1) -> WIN POWR(u1 ties=1)
F100 H14 AL2 POOL(1): POWR(u1) -> WIN POWR(u1 ties=1)
F317 H13 AL2 PROD start POWR (cat=6) at factory SFACT#0
F317 H14 AL2 PROD start POWR (cat=6) at factory SFACT#1
F317 H13 AL2 POOL(2): PROC(u3) BARR(u2) -> WIN PROC(u3 ties=1)
F317 H14 AL2 POOL(2): PROC(u3) BARR(u2) -> WIN PROC(u3 ties=1)
F534 H13 AL2 PROD start PROC (cat=6) at factory SFACT#0
F534 H14 AL2 PROD start PROC (cat=6) at factory SFACT#1
F534 H13 AL2 POOL(1): BARR(u2) -> WIN BARR(u2 ties=1)
F534 H14 AL2 POOL(1): BARR(u2) -> WIN BARR(u2 ties=1)
F1939 H13 AL2 PROD start BARR (cat=6) at factory SFACT#0
F1939 H14 AL2 PROD start BARR (cat=6) at factory SFACT#1
F1939 H13 AL2 POOL(1): SWEAP(u2) -> WIN SWEAP(u2 ties=1)
F1939 H14 AL2 POOL(1): SWEAP(u2) -> WIN SWEAP(u2 ties=1)
F2156 H13 AL2 PROD start SWEAP (cat=6) at factory SFACT#0
F2156 H14 AL2 PROD start SWEAP (cat=6) at factory SFACT#1
F2156 H13 AL2 POOL(2): KENN(u2) FTUR(u2) -> WIN FTUR(u2 ties=2)
F2156 H14 AL2 POOL(2): KENN(u2) FTUR(u2) -> WIN FTUR(u2 ties=2)
F2204 H13 AL2 PROD start E2 (cat=14) at factory BARR#8
F2204 H14 AL2 PROD start E2 (cat=14) at factory BARR#9
F2313 H13 AL2 PROD start E2 (cat=14) at factory BARR#8
F2313 H14 AL2 PROD start E2 (cat=14) at factory BARR#9
F2375 H14 AL2 SCOUT-DISPATCH infantry E2#1
F2376 H13 AL2 SCOUT-DISPATCH infantry E2#0
F2377 H14 AL2 SCOUT rtti=13 id=1 IQ=5 from=1195 dest=6963
F2422 H13 AL2 PROD start E2 (cat=14) at factory BARR#8
F2422 H14 AL2 PROD start E2 (cat=14) at factory BARR#9
F2453 H14 AL2 SCOUT-DISPATCH infantry E2#3
F2454 H13 AL2 SCOUT-DISPATCH infantry E2#2
F2456 H13 AL2 SCOUT rtti=13 id=2 IQ=5 from=15882 dest=10910
F2472 H13 AL2 SCOUT rtti=13 id=0 IQ=5 from=15240 dest=10910
F2531 H13 AL2 PROD start E2 (cat=14) at factory BARR#8
F2531 H14 AL2 PROD start E1 (cat=14) at factory BARR#9
F2586 H14 AL2 PROD start E1 (cat=14) at factory BARR#9
F2605 H14 AL2 SCOUT rtti=13 id=3 IQ=5 from=1961 dest=6963
F2616 H13 AL2 WAVE-LAUNCH defences=0 sendpercent=80 forced=0
F2633 H13 AL2 SCOUT rtti=13 id=4 IQ=5 from=15881 dest=10910
F2640 H13 AL2 PROD start E2 (cat=14) at factory BARR#8
F2641 H14 AL2 PROD start E2 (cat=14) at factory BARR#9
F2749 H13 AL2 PROD start E2 (cat=14) at factory BARR#8
F2750 H14 AL2 PROD start E2 (cat=14) at factory BARR#9
F2858 H13 AL2 PROD start E2 (cat=14) at factory BARR#8
F2859 H14 AL2 PROD start E6 (cat=14) at factory BARR#9
F2967 H13 AL2 PROD start E2 (cat=14) at factory BARR#8
F3076 H13 AL2 PROD start E1 (cat=14) at factory BARR#8
F3131 H13 AL2 PROD start E1 (cat=14) at factory BARR#8
CNC_Set_Multiplayer_Data: scenario=0 num_players=3
  slot[0] Name='76561198002612215' House=1 Color=0 Team=0 StartLoc=127 IsAI=0 GlyphxID=76561198002612215 AllyFlags=00000000
  slot[0] NameHex=37363536313139383030323631323231350000000000000000000000000000000000000000000000000000000000000000000000000000000000000000000000
  slot[1] Name='AIPLAYER1' House=2 Color=1 Team=1 StartLoc=127 IsAI=1 GlyphxID=1055504538 AllyFlags=00000000
  slot[1] NameHex=4149504c415945523100323631323231350000000000000000000000000000000000000000000000000000000000000000000000000000000000000000000000
  slot[2] Name='AIPLAYER2' House=2 Color=2 Team=2 StartLoc=127 IsAI=1 GlyphxID=2816534816 AllyFlags=00000000
  slot[2] NameHex=4149504c415945523200323631323231350000000000000000000000000000000000000000000000000000000000000000000000000000000000000000000000
=== TF_AI_DIAG v3 (build-choice pool) ===
  LOBBYREC k=0 n=1 team=1 diff=3 color=1 house=4 expect_color=1 expect_house=2 -> accept
  LOBBYREC k=1 n=2 team=2 diff=3 color=2 house=4 expect_color=2 expect_house=2 -> accept
  LOBBYREC k=0 n=1 team=1 diff=1 color=1 house=4 expect_color=1 expect_house=2 -> accept
  LOBBYREC k=1 n=2 team=2 diff=3 color=2 house=4 expect_color=2 expect_house=2 -> accept
  LOBBYREC k=0 n=1 team=1 diff=1 color=1 house=4 expect_color=1 expect_house=2 -> accept
  LOBBYREC k=1 n=2 team=2 diff=3 color=2 house=4 expect_color=2 expect_house=2 -> accept
  LOBBYREC k=0 n=1 team=1 diff=1 color=1 house=4 expect_color=1 expect_house=2 -> accept
  LOBBYREC k=1 n=2 team=2 diff=3 color=2 house=4 expect_color=2 expect_house=2 -> accept
  LOBBYSCAN site=1 frame=0 procs=1/1 sighits=4 best_count=2 ambiguous=1 roster=00000006
  LOBBYCAND site=1 count=4 disagree=1 roster=00000006 frame=0
  CAND a=0 addr=2f1b2778 region=2f0fa000/768K prot=4 diff=33 refs=0
    PRE 0000000010410731000000000000000000000000000000000000000000000042
    REC0 4149504c4159455231007f0070f399024cbe950010a05a110000000010084211000000001040e928d4c5172fa1c5172f6cf39902dcf399027091ad01ffffffffb4d1a23390d1a2339ab8e93e000000000100000004000000000000010100000000d1a2330300000001000000000000007f000000b089392e0000000000000000ff3f0000cc53616a0000000090d1a233000000000000000000000000000000000000000000000042
    REC1 4149504c4159455232007f0070f399024cbe950010a05a110000000010084211000000001040e928d4c5172fa1c5172f6cf39902dcf399027091ad01ffffffffb4d1a23390d1a23320e9e0a7000000000200000004000000000000010100000000d1a2330300000002000000000000007f0000008092152e0000000000000000ff3f0000cc53616a0000000090d1a23300000000000000000000000000000000000000000000002d
  CAND a=1 addr=2f1b3978 region=2f0fa000/768K prot=4 diff=13 refs=1
    PRE 00000000d049e02d00000000000000000000000000000000000000000000002d
    REC0 4149504c4159455231007f006cf39902eb09950010a05a110000000050064211000000001040e92850054211102051136a48c978541c4e2f70954114d4c5172fd437a4421037a4420000000000000000010000000400000000000001010000000037a4420100000001000000000000007f000000705c9a250000000000000000ff3f00003c54616a000000001037a442000000000000000000000000000000000000000000000042
    REC1 4149504c4159455232007f006cf39902eb09950010a05a110000000050064211000000001040e92850054211102051136a48c978541c4e2f70954114d4c5172fd437a4421037a4420000000000000000020000000400000000000001010000000037a4420300000002000000000000007f00000050450d440000000000000000ff3f00003c54616a000000001037a44200000000000000000000000000000000000000000000002e
  CAND a=2 addr=2f4de538 region=2f48a000/1256K prot=4 diff=13 refs=0
    PRE 00000000903b073100000000000000000000000000000000000000000000002e
    REC0 4149504c4159455231007f006cf39902eb09950010a05a110000000050064211000000001040e92850054211102051136a48c978541c4e2f70954114d4c5172fd407162ed007162e9ab8e93e00000000010000000400000000000001010000000007162e0100000001000000000000007f000000307f412e0000000000000000ff3f00003c54616a00000000d007162e000000000000000000000000000000000000000000000042
    REC1 4149504c4159455232007f006cf39902eb09950010a05a110000000050064211000000001040e92850054211102051136a48c978541c4e2f70954114d4c5172fd407162ed007162e20e9e0a700000000020000000400000000000001010000000007162e0300000002000000000000007f00000070a45f470000000000000000ff3f00003c54616a00000000d007162e00000000000000000000000000000000000000000000002f
  CAND a=3 addr=2f4e16b8 region=2f48a000/1256K prot=4 diff=13 refs=0
    PRE 0000000010403a2e000000000000000000000000000000000000000000000012
    REC0 4149504c4159455231007f006cf39902eb09950010a05a110000000050064211000000001040e92850054211102051136a48c978541c4e2f70954114d4c5172fd4c8c62e10c8c62e00000000000000000100000004000000000000010100000000c8c62e0100000001000000000000007f000000b0e311120000000000000000ff3f00003c54616a0000000010c8c62e00000000000000000000000000000000000000000000003e
    REC1 4149504c4159455232007f006cf39902eb09950010a05a110000000050064211000000001040e92850054211102051136a48c978541c4e2f70954114d4c5172fd4c8c62e10c8c62e00000000000000000200000004000000000000010100000000c8c62e0300000002000000000000007f000000a052b9420000000000000000ff3f00003c54616a0000000010c8c62e00000000000000000000000000000000000000000000002f
  TEAMS slot=0 house=H12 team=0 allyslots=01
  TEAMS slot=1 house=H13 team=1 allyslots=02
  TEAMS slot=2 house=H14 team=2 allyslots=04
  LOBBYREC k=0 n=1 team=1 diff=3 color=1 house=4 expect_color=1 expect_house=2 -> accept
  LOBBYREC k=1 n=2 team=2 diff=3 color=2 house=4 expect_color=2 expect_house=2 -> accept
  LOBBYREC k=0 n=1 team=1 diff=1 color=1 house=4 expect_color=1 expect_house=2 -> accept
  LOBBYREC k=1 n=2 team=2 diff=3 color=2 house=4 expect_color=2 expect_house=2 -> accept
  LOBBYREC k=0 n=1 team=1 diff=1 color=1 house=4 expect_color=1 expect_house=2 -> accept
  LOBBYREC k=1 n=2 team=2 diff=3 color=2 house=4 expect_color=2 expect_house=2 -> accept
  LOBBYREC k=0 n=1 team=1 diff=1 color=1 house=4 expect_color=1 expect_house=2 -> accept
  LOBBYREC k=1 n=2 team=2 diff=3 color=2 house=4 expect_color=2 expect_house=2 -> accept
  LOBBYSCAN site=0 frame=0 procs=1/1 sighits=4 best_count=2 ambiguous=1 roster=00000006
  LOBBYCAND site=0 count=4 disagree=1 roster=00000006 frame=0
  CAND a=0 addr=2f1b2778 region=2f0fa000/768K prot=4 diff=33 refs=0
    PRE 0000000010410731000000000000000000000000000000000000000000000042
    REC0 4149504c4159455231007f0070f399024cbe950010a05a110000000010084211000000001040e928d4c5172fa1c5172f6cf39902dcf399027091ad01ffffffffb4d1a23390d1a2339ab8e93e000000000100000004000000000000010100000000d1a2330300000001000000000000007f000000b089392e0000000000000000ff3f0000cc53616a0000000090d1a233000000000000000000000000000000000000000000000042
    REC1 4149504c4159455232007f0070f399024cbe950010a05a110000000010084211000000001040e928d4c5172fa1c5172f6cf39902dcf399027091ad01ffffffffb4d1a23390d1a23320e9e0a7000000000200000004000000000000010100000000d1a2330300000002000000000000007f0000008092152e0000000000000000ff3f0000cc53616a0000000090d1a23300000000000000000000000000000000000000000000002d
  CAND a=1 addr=2f1b3978 region=2f0fa000/768K prot=4 diff=13 refs=1
    PRE 00000000d049e02d00000000000000000000000000000000000000000000002d
    REC0 4149504c4159455231007f006cf39902eb09950010a05a110000000050064211000000001040e92850054211102051136a48c978541c4e2f70954114d4c5172fd437a4421037a4420000000000000000010000000400000000000001010000000037a4420100000001000000000000007f000000705c9a250000000000000000ff3f00003c54616a000000001037a442000000000000000000000000000000000000000000000042
    REC1 4149504c4159455232007f006cf39902eb09950010a05a110000000050064211000000001040e92850054211102051136a48c978541c4e2f70954114d4c5172fd437a4421037a4420000000000000000020000000400000000000001010000000037a4420300000002000000000000007f00000050450d440000000000000000ff3f00003c54616a000000001037a44200000000000000000000000000000000000000000000002e
  CAND a=2 addr=2f4de538 region=2f48a000/1256K prot=4 diff=13 refs=0
    PRE 00000000903b073100000000000000000000000000000000000000000000002e
    REC0 4149504c4159455231007f006cf39902eb09950010a05a110000000050064211000000001040e92850054211102051136a48c978541c4e2f70954114d4c5172fd407162ed007162e9ab8e93e00000000010000000400000000000001010000000007162e0100000001000000000000007f000000307f412e0000000000000000ff3f00003c54616a00000000d007162e000000000000000000000000000000000000000000000042
    REC1 4149504c4159455232007f006cf39902eb09950010a05a110000000050064211000000001040e92850054211102051136a48c978541c4e2f70954114d4c5172fd407162ed007162e20e9e0a700000000020000000400000000000001010000000007162e0300000002000000000000007f00000070a45f470000000000000000ff3f00003c54616a00000000d007162e00000000000000000000000000000000000000000000002f
  CAND a=3 addr=2f4e16b8 region=2f48a000/1256K prot=4 diff=13 refs=0
    PRE 0000000010403a2e000000000000000000000000000000000000000000000012
    REC0 4149504c4159455231007f006cf39902eb09950010a05a110000000050064211000000001040e92850054211102051136a48c978541c4e2f70954114d4c5172fd4c8c62e10c8c62e00000000000000000100000004000000000000010100000000c8c62e0100000001000000000000007f000000b0e311120000000000000000ff3f00003c54616a0000000010c8c62e00000000000000000000000000000000000000000000003e
    REC1 4149504c4159455232007f006cf39902eb09950010a05a110000000050064211000000001040e92850054211102051136a48c978541c4e2f70954114d4c5172fd4c8c62e10c8c62e00000000000000000200000004000000000000010100000000c8c62e0300000002000000000000007f000000a052b9420000000000000000ff3f00003c54616a0000000010c8c62e00000000000000000000000000000000000000000000002f
HELLO IM H13 (ActLike=2) IN HARD MODE (IQ=5) [global] rec_house=4 rec_color=1 ours_color=1
HELLO IM H14 (ActLike=2) IN HARD MODE (IQ=5) [global] rec_house=4 rec_color=2 ours_color=2
CNC_Set_Difficulty(1) -> CDifficulty=2 IQ=5 humans=1 source=default-hard (client value ignored) ram_slots=0 (AI houses retro-applied)
F66 H13 AL2 POOL(1): POWR(u1) -> WIN POWR(u1 ties=1)
F67 H14 AL2 POOL(1): POWR(u1) -> WIN POWR(u1 ties=1)
  LOBBYREC k=0 n=1 team=1 diff=3 color=1 house=4 expect_color=1 expect_house=2 -> accept
  LOBBYREC k=1 n=2 team=2 diff=3 color=2 house=4 expect_color=2 expect_house=2 -> accept
  LOBBYREC k=0 n=1 team=1 diff=1 color=1 house=4 expect_color=1 expect_house=2 -> accept
  LOBBYREC k=1 n=2 team=2 diff=3 color=2 house=4 expect_color=2 expect_house=2 -> accept
  LOBBYREC k=0 n=1 team=2056 diff=0 color=794257920 house=0 expect_color=1 expect_house=2 -> REJECT range
  LOBBYREC k=0 n=1 team=1 diff=1 color=1 house=4 expect_color=1 expect_house=2 -> accept
  LOBBYREC k=1 n=2 team=2 diff=3 color=2 house=4 expect_color=2 expect_house=2 -> accept
  LOBBYREC k=0 n=1 team=1 diff=1 color=1 house=4 expect_color=1 expect_house=2 -> accept
  LOBBYREC k=1 n=2 team=2 diff=3 color=2 house=4 expect_color=2 expect_house=2 -> accept
  LOBBYSCAN site=0 frame=90 procs=1/1 sighits=5 best_count=2 ambiguous=1 roster=00000006
  LOBBYCAND site=0 count=4 disagree=1 roster=00000006 frame=90
  CAND a=0 addr=2f1b2778 region=2f0de000/2064K prot=4 diff=33 refs=0
    PRE 0000000010410731000000000000000000000000000000000000000000000042
    REC0 4149504c4159455231007f0070f399024cbe950010a05a110000000010084211000000001040e928d4c5172fa1c5172f6cf39902dcf399027091ad01ffffffffb4d1a23390d1a2339ab8e93e000000000100000004000000000000010100000000d1a2330300000001000000000000007f000000b089392e0000000000000000ff3f0000cc53616a0000000090d1a233000000000000000000000000000000000000000000000042
    REC1 4149504c4159455232007f0070f399024cbe950010a05a110000000010084211000000001040e928d4c5172fa1c5172f6cf39902dcf399027091ad01ffffffffb4d1a23390d1a23320e9e0a7000000000200000004000000000000010100000000d1a2330300000002000000000000007f0000008092152e0000000000000000ff3f0000cc53616a0000000090d1a23300000000000000000000000000000000000000000000002d
  CAND a=1 addr=2f1b3978 region=2f0de000/2064K prot=4 diff=13 refs=0
    PRE 00000000d049e02d00000000000000000000000000000000000000000000002d
    REC0 4149504c4159455231007f006cf39902eb09950010a05a110000000050064211000000001040e92850054211102051136a48c978541c4e2f70954114d4c5172fd437a4421037a4420000000000000000010000000400000000000001010000000037a4420100000001000000000000007f000000705c9a250000000000000000ff3f00003c54616a000000001037a442000000000000000000000000000000000000000000000042
    REC1 4149504c4159455232007f006cf39902eb09950010a05a110000000050064211000000001040e92850054211102051136a48c978541c4e2f70954114d4c5172fd437a4421037a4420000000000000000020000000400000000000001010000000037a4420300000002000000000000007f00000050450d440000000000000000ff3f00003c54616a000000001037a44200000000000000000000000000000000000000000000002e
  CAND a=2 addr=2f4de538 region=2f48a000/1256K prot=4 diff=13 refs=0
    PRE 00000000903b073100000000000000000000000000000000000000000000002e
    REC0 4149504c4159455231007f006cf39902eb09950010a05a110000000050064211000000001040e92850054211102051136a48c978541c4e2f70954114d4c5172fd407162ed007162e9ab8e93e00000000010000000400000000000001010000000007162e0100000001000000000000007f000000307f412e0000000000000000ff3f00003c54616a00000000d007162e000000000000000000000000000000000000000000000042
    REC1 4149504c4159455232007f006cf39902eb09950010a05a110000000050064211000000001040e92850054211102051136a48c978541c4e2f70954114d4c5172fd407162ed007162e20e9e0a700000000020000000400000000000001010000000007162e0300000002000000000000007f00000070a45f470000000000000000ff3f00003c54616a00000000d007162e00000000000000000000000000000000000000000000002f
  CAND a=3 addr=2f4e16b8 region=2f48a000/1256K prot=4 diff=13 refs=0
    PRE 0000000010403a2e000000000000000000000000000000000000000000000012
    REC0 4149504c4159455231007f006cf39902eb09950010a05a110000000050064211000000001040e92850054211102051136a48c978541c4e2f70954114d4c5172fd4c8c62e10c8c62e00000000000000000100000004000000000000010100000000c8c62e0100000001000000000000007f000000b0e311120000000000000000ff3f00003c54616a0000000010c8c62e00000000000000000000000000000000000000000000003e
    REC1 4149504c4159455232007f006cf39902eb09950010a05a110000000050064211000000001040e92850054211102051136a48c978541c4e2f70954114d4c5172fd4c8c62e10c8c62e00000000000000000200000004000000000000010100000000c8c62e0300000002000000000000007f000000a052b9420000000000000000ff3f00003c54616a0000000010c8c62e00000000000000000000000000000000000000000000002f
F98 H13 AL2 PROD start POWR (cat=6) at factory SFACT#0
F98 H14 AL2 PROD start POWR (cat=6) at factory SFACT#1
F98 H13 AL2 POOL(1): POWR(u1) -> WIN POWR(u1 ties=1)
F98 H14 AL2 POOL(1): POWR(u1) -> WIN POWR(u1 ties=1)
  LOBBYREC k=0 n=1 team=1 diff=3 color=1 house=4 expect_color=1 expect_house=2 -> accept
  LOBBYREC k=1 n=2 team=2 diff=3 color=2 house=4 expect_color=2 expect_house=2 -> accept
  LOBBYREC k=0 n=1 team=1 diff=1 color=1 house=4 expect_color=1 expect_house=2 -> accept
  LOBBYREC k=1 n=2 team=2 diff=3 color=2 house=4 expect_color=2 expect_house=2 -> accept
  LOBBYREC k=0 n=1 team=2056 diff=0 color=794257920 house=0 expect_color=1 expect_house=2 -> REJECT range
  LOBBYREC k=0 n=1 team=1 diff=1 color=1 house=4 expect_color=1 expect_house=2 -> accept
  LOBBYREC k=1 n=2 team=2 diff=3 color=2 house=4 expect_color=2 expect_house=2 -> accept
  LOBBYREC k=0 n=1 team=1 diff=1 color=1 house=4 expect_color=1 expect_house=2 -> accept
  LOBBYREC k=1 n=2 team=2 diff=3 color=2 house=4 expect_color=2 expect_house=2 -> accept
  LOBBYSCAN site=0 frame=180 procs=1/1 sighits=5 best_count=2 ambiguous=1 roster=00000006
  LOBBYCAND site=0 count=4 disagree=1 roster=00000006 frame=180
  CAND a=0 addr=2f1b2778 region=2f0de000/2064K prot=4 diff=33 refs=0
    PRE 0000000010410731000000000000000000000000000000000000000000000042
    REC0 4149504c4159455231007f0070f399024cbe950010a05a110000000010084211000000001040e928d4c5172fa1c5172f6cf39902dcf399027091ad01ffffffffb4d1a23390d1a2339ab8e93e000000000100000004000000000000010100000000d1a2330300000001000000000000007f000000b089392e0000000000000000ff3f0000cc53616a0000000090d1a233000000000000000000000000000000000000000000000042
    REC1 4149504c4159455232007f0070f399024cbe950010a05a110000000010084211000000001040e928d4c5172fa1c5172f6cf39902dcf399027091ad01ffffffffb4d1a23390d1a23320e9e0a7000000000200000004000000000000010100000000d1a2330300000002000000000000007f0000008092152e0000000000000000ff3f0000cc53616a0000000090d1a23300000000000000000000000000000000000000000000002d
  CAND a=1 addr=2f1b3978 region=2f0de000/2064K prot=4 diff=13 refs=0
    PRE 00000000d049e02d00000000000000000000000000000000000000000000002d
    REC0 4149504c4159455231007f006cf39902eb09950010a05a110000000050064211000000001040e92850054211102051136a48c978541c4e2f70954114d4c5172fd437a4421037a4420000000000000000010000000400000000000001010000000037a4420100000001000000000000007f000000705c9a250000000000000000ff3f00003c54616a000000001037a442000000000000000000000000000000000000000000000042
    REC1 4149504c4159455232007f006cf39902eb09950010a05a110000000050064211000000001040e92850054211102051136a48c978541c4e2f70954114d4c5172fd437a4421037a4420000000000000000020000000400000000000001010000000037a4420300000002000000000000007f00000050450d440000000000000000ff3f00003c54616a000000001037a44200000000000000000000000000000000000000000000002e
  CAND a=2 addr=2f4de538 region=2f48a000/1256K prot=4 diff=13 refs=0
    PRE 00000000903b073100000000000000000000000000000000000000000000002e
    REC0 4149504c4159455231007f006cf39902eb09950010a05a110000000050064211000000001040e92850054211102051136a48c978541c4e2f70954114d4c5172fd407162ed007162e9ab8e93e00000000010000000400000000000001010000000007162e0100000001000000000000007f000000307f412e0000000000000000ff3f00003c54616a00000000d007162e000000000000000000000000000000000000000000000042
    REC1 4149504c4159455232007f006cf39902eb09950010a05a110000000050064211000000001040e92850054211102051136a48c978541c4e2f70954114d4c5172fd407162ed007162e20e9e0a700000000020000000400000000000001010000000007162e0300000002000000000000007f00000070a45f470000000000000000ff3f00003c54616a00000000d007162e00000000000000000000000000000000000000000000002f
  CAND a=3 addr=2f4e16b8 region=2f48a000/1256K prot=4 diff=13 refs=0
    PRE 0000000010403a2e000000000000000000000000000000000000000000000012
    REC0 4149504c4159455231007f006cf39902eb09950010a05a110000000050064211000000001040e92850054211102051136a48c978541c4e2f70954114d4c5172fd4c8c62e10c8c62e00000000000000000100000004000000000000010100000000c8c62e0100000001000000000000007f000000b0e311120000000000000000ff3f00003c54616a0000000010c8c62e00000000000000000000000000000000000000000000003e
    REC1 4149504c4159455232007f006cf39902eb09950010a05a110000000050064211000000001040e92850054211102051136a48c978541c4e2f70954114d4c5172fd4c8c62e10c8c62e00000000000000000200000004000000000000010100000000c8c62e0300000002000000000000007f000000a052b9420000000000000000ff3f00003c54616a0000000010c8c62e00000000000000000000000000000000000000000000002f
  LOBBYREC k=0 n=1 team=1 diff=3 color=1 house=4 expect_color=1 expect_house=2 -> accept
  LOBBYREC k=1 n=2 team=2 diff=3 color=2 house=4 expect_color=2 expect_house=2 -> accept
  LOBBYREC k=0 n=1 team=1 diff=1 color=1 house=4 expect_color=1 expect_house=2 -> accept
  LOBBYREC k=1 n=2 team=2 diff=3 color=2 house=4 expect_color=2 expect_house=2 -> accept
  LOBBYREC k=0 n=1 team=2056 diff=0 color=794257920 house=0 expect_color=1 expect_house=2 -> REJECT range
  LOBBYREC k=0 n=1 team=1 diff=1 color=1 house=4 expect_color=1 expect_house=2 -> accept
  LOBBYREC k=1 n=2 team=2 diff=3 color=2 house=4 expect_color=2 expect_house=2 -> accept
  LOBBYREC k=0 n=1 team=1 diff=1 color=1 house=4 expect_color=1 expect_house=2 -> accept
  LOBBYREC k=1 n=2 team=2 diff=3 color=2 house=4 expect_color=2 expect_house=2 -> accept
  LOBBYSCAN site=0 frame=270 procs=1/1 sighits=5 best_count=2 ambiguous=1 roster=00000006
  LOBBYCAND site=0 count=4 disagree=1 roster=00000006 frame=270
  CAND a=0 addr=2f1b2778 region=2f0de000/2064K prot=4 diff=33 refs=0
    PRE 0000000010410731000000000000000000000000000000000000000000000042
    REC0 4149504c4159455231007f0070f399024cbe950010a05a110000000010084211000000001040e928d4c5172fa1c5172f6cf39902dcf399027091ad01ffffffffb4d1a23390d1a2339ab8e93e000000000100000004000000000000010100000000d1a2330300000001000000000000007f000000b089392e0000000000000000ff3f0000cc53616a0000000090d1a233000000000000000000000000000000000000000000000042
    REC1 4149504c4159455232007f0070f399024cbe950010a05a110000000010084211000000001040e928d4c5172fa1c5172f6cf39902dcf399027091ad01ffffffffb4d1a23390d1a23320e9e0a7000000000200000004000000000000010100000000d1a2330300000002000000000000007f0000008092152e0000000000000000ff3f0000cc53616a0000000090d1a23300000000000000000000000000000000000000000000002d
  CAND a=1 addr=2f1b3978 region=2f0de000/2064K prot=4 diff=13 refs=0
    PRE 00000000d049e02d00000000000000000000000000000000000000000000002d
    REC0 4149504c4159455231007f006cf39902eb09950010a05a110000000050064211000000001040e92850054211102051136a48c978541c4e2f70954114d4c5172fd437a4421037a4420000000000000000010000000400000000000001010000000037a4420100000001000000000000007f000000705c9a250000000000000000ff3f00003c54616a000000001037a442000000000000000000000000000000000000000000000042
    REC1 4149504c4159455232007f006cf39902eb09950010a05a110000000050064211000000001040e92850054211102051136a48c978541c4e2f70954114d4c5172fd437a4421037a4420000000000000000020000000400000000000001010000000037a4420300000002000000000000007f00000050450d440000000000000000ff3f00003c54616a000000001037a44200000000000000000000000000000000000000000000002e
  CAND a=2 addr=2f4de538 region=2f48a000/1256K prot=4 diff=13 refs=0
    PRE 00000000903b073100000000000000000000000000000000000000000000002e
    REC0 4149504c4159455231007f006cf39902eb09950010a05a110000000050064211000000001040e92850054211102051136a48c978541c4e2f70954114d4c5172fd407162ed007162e9ab8e93e00000000010000000400000000000001010000000007162e0100000001000000000000007f000000307f412e0000000000000000ff3f00003c54616a00000000d007162e000000000000000000000000000000000000000000000042
    REC1 4149504c4159455232007f006cf39902eb09950010a05a110000000050064211000000001040e92850054211102051136a48c978541c4e2f70954114d4c5172fd407162ed007162e20e9e0a700000000020000000400000000000001010000000007162e0300000002000000000000007f00000070a45f470000000000000000ff3f00003c54616a00000000d007162e00000000000000000000000000000000000000000000002f
  CAND a=3 addr=2f4e16b8 region=2f48a000/1256K prot=4 diff=13 refs=0
    PRE 0000000010403a2e000000000000000000000000000000000000000000000012
    REC0 4149504c4159455231007f006cf39902eb09950010a05a110000000050064211000000001040e92850054211102051136a48c978541c4e2f70954114d4c5172fd4c8c62e10c8c62e00000000000000000100000004000000000000010100000000c8c62e0100000001000000000000007f000000b0e311120000000000000000ff3f00003c54616a0000000010c8c62e00000000000000000000000000000000000000000000003e
    REC1 4149504c4159455232007f006cf39902eb09950010a05a110000000050064211000000001040e92850054211102051136a48c978541c4e2f70954114d4c5172fd4c8c62e10c8c62e00000000000000000200000004000000000000010100000000c8c62e0300000002000000000000007f000000a052b9420000000000000000ff3f00003c54616a0000000010c8c62e00000000000000000000000000000000000000000000002f
F315 H13 AL2 PROD start POWR (cat=6) at factory SFACT#0
F315 H14 AL2 PROD start POWR (cat=6) at factory SFACT#1
F315 H13 AL2 POOL(2): PROC(u3) BARR(u2) -> WIN PROC(u3 ties=1)
F315 H14 AL2 POOL(2): PROC(u3) BARR(u2) -> WIN PROC(u3 ties=1)
  LOBBYREC k=0 n=1 team=1 diff=3 color=1 house=4 expect_color=1 expect_house=2 -> accept
  LOBBYREC k=1 n=2 team=2 diff=3 color=2 house=4 expect_color=2 expect_house=2 -> accept
  LOBBYREC k=0 n=1 team=1 diff=1 color=1 house=4 expect_color=1 expect_house=2 -> accept
  LOBBYREC k=1 n=2 team=2 diff=3 color=2 house=4 expect_color=2 expect_house=2 -> accept
  LOBBYREC k=0 n=1 team=2056 diff=0 color=794257920 house=0 expect_color=1 expect_house=2 -> REJECT range
  LOBBYREC k=0 n=1 team=1 diff=1 color=1 house=4 expect_color=1 expect_house=2 -> accept
  LOBBYREC k=1 n=2 team=2 diff=3 color=2 house=4 expect_color=2 expect_house=2 -> accept
  LOBBYREC k=0 n=1 team=1 diff=1 color=1 house=4 expect_color=1 expect_house=2 -> accept
  LOBBYREC k=1 n=2 team=2 diff=3 color=2 house=4 expect_color=2 expect_house=2 -> accept
  LOBBYSCAN site=0 frame=360 procs=1/1 sighits=5 best_count=2 ambiguous=1 roster=00000006
  LOBBYCAND site=0 count=4 disagree=1 roster=00000006 frame=360
  CAND a=0 addr=2f1b2778 region=2f0de000/2064K prot=4 diff=33 refs=0
    PRE 0000000010410731000000000000000000000000000000000000000000000042
    REC0 4149504c4159455231007f0070f399024cbe950010a05a110000000010084211000000001040e928d4c5172fa1c5172f6cf39902dcf399027091ad01ffffffffb4d1a23390d1a2339ab8e93e000000000100000004000000000000010100000000d1a2330300000001000000000000007f000000b089392e0000000000000000ff3f0000cc53616a0000000090d1a233000000000000000000000000000000000000000000000042
    REC1 4149504c4159455232007f0070f399024cbe950010a05a110000000010084211000000001040e928d4c5172fa1c5172f6cf39902dcf399027091ad01ffffffffb4d1a23390d1a23320e9e0a7000000000200000004000000000000010100000000d1a2330300000002000000000000007f0000008092152e0000000000000000ff3f0000cc53616a0000000090d1a23300000000000000000000000000000000000000000000002d
  CAND a=1 addr=2f1b3978 region=2f0de000/2064K prot=4 diff=13 refs=0
    PRE 00000000d049e02d00000000000000000000000000000000000000000000002d
    REC0 4149504c4159455231007f006cf39902eb09950010a05a110000000050064211000000001040e92850054211102051136a48c978541c4e2f70954114d4c5172fd437a4421037a4420000000000000000010000000400000000000001010000000037a4420100000001000000000000007f000000705c9a250000000000000000ff3f00003c54616a000000001037a442000000000000000000000000000000000000000000000042
    REC1 4149504c4159455232007f006cf39902eb09950010a05a110000000050064211000000001040e92850054211102051136a48c978541c4e2f70954114d4c5172fd437a4421037a4420000000000000000020000000400000000000001010000000037a4420300000002000000000000007f00000050450d440000000000000000ff3f00003c54616a000000001037a44200000000000000000000000000000000000000000000002e
  CAND a=2 addr=2f4de538 region=2f48a000/1256K prot=4 diff=13 refs=0
    PRE 00000000903b073100000000000000000000000000000000000000000000002e
    REC0 4149504c4159455231007f006cf39902eb09950010a05a110000000050064211000000001040e92850054211102051136a48c978541c4e2f70954114d4c5172fd407162ed007162e9ab8e93e00000000010000000400000000000001010000000007162e0100000001000000000000007f000000307f412e0000000000000000ff3f00003c54616a00000000d007162e000000000000000000000000000000000000000000000042
    REC1 4149504c4159455232007f006cf39902eb09950010a05a110000000050064211000000001040e92850054211102051136a48c978541c4e2f70954114d4c5172fd407162ed007162e20e9e0a700000000020000000400000000000001010000000007162e0300000002000000000000007f00000070a45f470000000000000000ff3f00003c54616a00000000d007162e00000000000000000000000000000000000000000000002f
  CAND a=3 addr=2f4e16b8 region=2f48a000/1256K prot=4 diff=13 refs=0
    PRE 0000000010403a2e000000000000000000000000000000000000000000000012
    REC0 4149504c4159455231007f006cf39902eb09950010a05a110000000050064211000000001040e92850054211102051136a48c978541c4e2f70954114d4c5172fd4c8c62e10c8c62e00000000000000000100000004000000000000010100000000c8c62e0100000001000000000000007f000000b0e311120000000000000000ff3f00003c54616a0000000010c8c62e00000000000000000000000000000000000000000000003e
    REC1 4149504c4159455232007f006cf39902eb09950010a05a110000000050064211000000001040e92850054211102051136a48c978541c4e2f70954114d4c5172fd4c8c62e10c8c62e00000000000000000200000004000000000000010100000000c8c62e0300000002000000000000007f000000a052b9420000000000000000ff3f00003c54616a0000000010c8c62e00000000000000000000000000000000000000000000002f
F532 H13 AL2 PROD start PROC (cat=6) at factory SFACT#0
F532 H14 AL2 PROD start PROC (cat=6) at factory SFACT#1
F532 H13 AL2 POOL(1): BARR(u2) -> WIN BARR(u2 ties=1)
F532 H14 AL2 POOL(1): BARR(u2) -> WIN BARR(u2 ties=1)
F1937 H13 AL2 PROD start BARR (cat=6) at factory SFACT#0
F1937 H14 AL2 PROD start BARR (cat=6) at factory SFACT#1
F1937 H13 AL2 POOL(1): SWEAP(u2) -> WIN SWEAP(u2 ties=1)
F1937 H14 AL2 POOL(1): SWEAP(u2) -> WIN SWEAP(u2 ties=1)
F2154 H13 AL2 PROD start SWEAP (cat=6) at factory SFACT#0
F2154 H14 AL2 PROD start SWEAP (cat=6) at factory SFACT#1
F2154 H13 AL2 POOL(2): KENN(u2) FTUR(u2) -> WIN FTUR(u2 ties=2)
F2154 H14 AL2 POOL(2): KENN(u2) FTUR(u2) -> WIN FTUR(u2 ties=2)
